Arguments: 
  /usr/local/Cellar/node/14.8.0/bin/node /usr/local/Cellar/yarn/1.22.4/libexec/bin/yarn.js

PATH: 
  /usr/local/opt/sphinx-doc/bin:/usr/local/opt/qt/bin:/usr/local/opt/openjdk/bin:/usr/local/opt/icu4c/sbin:/usr/local/opt/icu4c/bin:/usr/local/opt/qt/bin:/usr/local/opt/unzip/bin:/usr/local/opt/openssl@1.1/bin:/usr/local/bin:/usr/local/sbin:/usr/local/bin:/usr/bin:/bin:/usr/sbin:/sbin:/Applications/VMware Fusion.app/Contents/Public:/usr/local/aria2/bin:/Library/Apple/usr/bin:/usr/local/opt/sphinx-doc/bin:/usr/local/opt/qt/bin:/usr/local/opt/openjdk/bin:/usr/local/opt/icu4c/sbin:/usr/local/opt/icu4c/bin:/usr/local/opt/unzip/bin:/usr/local/opt/openssl@1.1/bin:/usr/local/sbin:/Users/jerrychir/Documents/Android/sdk/emulator:/Users/jerrychir/Documents/Android/sdk/tools:/Users/jerrychir/Documents/Android/sdk/tools/bin:/Users/jerrychir/Documents/Android/sdk/platform-tools:/Users/jerrychir/Development/flutter/bin:/Users/jerrychir/Documents/Android/sdk/emulator:/Users/jerrychir/Documents/Android/sdk/tools:/Users/jerrychir/Documents/Android/sdk/tools/bin:/Users/jerrychir/Documents/Android/sdk/platform-tools:/Users/jerrychir/Development/flutter/bin:/Users/jerrychir/Documents/Android/sdk/emulator:/Users/jerrychir/Documents/Android/sdk/tools:/Users/jerrychir/Documents/Android/sdk/tools/bin:/Users/jerrychir/Documents/Android/sdk/platform-tools

Yarn version: 
  1.22.4

Node version: 
  14.8.0

Platform: 
  darwin x64

Trace: 
  Error: https://registry.npm.taobao.org/lodash/download/lodash-4.17.20.tgz?cache=0&sync_timestamp=1597336224062&other_urls=https%3A%2F%2Fregistry.npm.taobao.org%2Flodash%2Fdownload%2Flodash-4.17.20.tgz: ESOCKETTIMEDOUT
      at ClientRequest.<anonymous> (/usr/local/Cellar/yarn/1.22.4/libexec/lib/cli.js:141375:19)
      at Object.onceWrapper (events.js:420:28)
      at ClientRequest.emit (events.js:314:20)
      at TLSSocket.emitRequestTimeout (_http_client.js:769:9)
      at Object.onceWrapper (events.js:420:28)
      at TLSSocket.emit (events.js:326:22)
      at TLSSocket.Socket._onTimeout (net.js:483:8)
      at listOnTimeout (internal/timers.js:551:17)
      at processTimers (internal/timers.js:494:7)

npm manifest: 
  {
    "main": "node_modules/expo/AppEntry.js",
    "scripts": {
      "start": "expo start",
      "android": "expo start --android",
      "ios": "expo start --ios",
      "web": "expo start --web",
      "eject": "expo eject",
      "test": "jest --watchAll"
    },
    "jest": {
      "preset": "jest-expo"
    },
    "dependencies": {
      "@expo/vector-icons": "^10.0.0",
      "@react-native-community/masked-view": "0.1.10",
      "@react-navigation/bottom-tabs": "^5.8.0",
      "@react-navigation/native": "^5.7.3",
      "@react-navigation/stack": "^5.9.0",
      "expo": "~39.0.2",
      "expo-asset": "~8.2.0",
      "expo-constants": "~9.2.0",
      "expo-font": "~8.3.0",
      "expo-linking": "^1.0.1",
      "expo-splash-screen": "~0.6.1",
      "expo-status-bar": "~1.0.2",
      "expo-web-browser": "~8.5.0",
      "react": "16.13.1",
      "react-dom": "16.13.1",
      "react-native": "https://github.com/expo/react-native/archive/sdk-39.0.2.tar.gz",
      "react-native-gesture-handler": "~1.7.0",
      "react-native-safe-area-context": "3.1.4",
      "react-native-screens": "~2.10.1",
      "react-native-web": "~0.13.12"
    },
    "devDependencies": {
      "@babel/core": "~7.9.0",
      "@types/react": "~16.9.35",
      "@types/react-native": "~0.63.2",
      "jest-expo": "~39.0.0",
      "typescript": "~3.9.5"
    },
    "private": true
  }

yarn manifest: 
  No manifest

Lockfile: 
  No lockfile
